[21:42:09] [main/INFO]: Setting user: ForgeDevName
[21:42:09] [Client thread/INFO]: LWJGL Version: 2.9.1
[21:42:12] [Client thread/INFO]: Reloading ResourceManager: Default, FMLFileResourcePack:Forge Mod Loader, FMLFileResourcePack:Minecraft Forge, FMLFileResourcePack:Mob Tools
[21:42:12] [Sound Library Loader/INFO]: Sound engine started
[21:42:12] [Client thread/INFO]: Created: 512x256 textures/blocks-atlas
[21:42:12] [Client thread/INFO]: Created: 512x256 textures/items-atlas
[21:42:13] [Client thread/INFO]: Reloading ResourceManager: Default, FMLFileResourcePack:Forge Mod Loader, FMLFileResourcePack:Minecraft Forge, FMLFileResourcePack:Mob Tools
[21:42:13] [Client thread/INFO]: Created: 512x256 textures/blocks-atlas
[21:42:13] [Client thread/INFO]: Created: 512x256 textures/items-atlas
[21:42:14] [Sound Library Loader/INFO]: Sound engine started
[21:42:15] [Server thread/INFO]: Starting integrated minecraft server version 1.7.10
[21:42:15] [Server thread/INFO]: Generating keypair
[21:42:31] [Server thread/INFO]: Starting integrated minecraft server version 1.7.10
[21:42:31] [Server thread/INFO]: Generating keypair
[21:42:31] [Server thread/INFO]: Converting map!
[21:42:31] [Server thread/INFO]: Scanning folders...
[21:42:31] [Server thread/INFO]: Total conversion count is 0
[21:42:32] [Server thread/INFO]: Preparing start region for level 0
[21:42:32] [Server thread/INFO]: Changing view distance to 12, from 10
[21:42:32] [Server thread/INFO]: ForgeDevName[local:E:3f65d30f] logged in with entity id 28 at (496.5, 4.0, -570.5)
[21:42:32] [Server thread/INFO]: ForgeDevName joined the game
[21:42:32] [Server thread/INFO]: Saving and pausing game...
[21:42:33] [Server thread/INFO]: Saving chunks for level 'Testing: Mob Tools'/Overworld
[21:42:33] [Server thread/INFO]: Saving chunks for level 'Testing: Mob Tools'/Nether
[21:42:33] [Server thread/INFO]: Saving chunks for level 'Testing: Mob Tools'/The End
[21:42:38] [Server thread/INFO]: ForgeDevName has just earned the achievement [Taking Inventory]
[21:42:38] [Client thread/INFO]: [CHAT] ForgeDevName has just earned the achievement [Taking Inventory]
[21:43:14] [Client thread/INFO]: Stopping!
[21:43:14] [Server thread/INFO]: Stopping server
[21:43:14] [Server thread/INFO]: Saving players
[21:43:14] [Server thread/INFO]: Saving worlds
[21:43:14] [Server thread/INFO]: Saving chunks for level 'Testing: Mob Tools'/Overworld
[21:43:14] [Server thread/INFO]: Saving chunks for level 'Testing: Mob Tools'/Nether
[21:43:14] [Server thread/INFO]: Saving chunks for level 'Testing: Mob Tools'/The End
